<?xml version="1.0" encoding="UTF-8"?>
<!-- Generated by org.testng.reporters.JUnitXMLReporter -->
<testsuite hostname="WINDOWS-7J23SHK" name="Test" tests="1" failures="0" timestamp="31 Aug 2017 23:30:50 GMT" time="0.017" errors="0">
  <testcase name="@BeforeTest login" time="0.0" classname="com.gmail.test">
    <failure type="org.testng.TestNGException" message="
Method login requires 1 parameters but 0 were supplied in the @Configuration annotation.">
      <![CDATA[org.testng.TestNGException: 
Method login requires 1 parameters but 0 were supplied in the @Configuration annotation.
	at org.apache.maven.surefire.testng.TestNGExecutor.run(TestNGExecutor.java:281)
	at org.apache.maven.surefire.testng.TestNGXmlTestSuite.execute(TestNGXmlTestSuite.java:75)
	at org.apache.maven.surefire.testng.TestNGProvider.invoke(TestNGProvider.java:121)
	at org.apache.maven.surefire.booter.ForkedBooter.invokeProviderInSameClassLoader(ForkedBooter.java:290)
	at org.apache.maven.surefire.booter.ForkedBooter.runSuitesInProcess(ForkedBooter.java:242)
	at org.apache.maven.surefire.booter.ForkedBooter.main(ForkedBooter.java:121)
... Removed 17 stack frames]]>
    </failure>
  </testcase> <!-- @BeforeTest login -->
  <testcase name="@AfterTest teardown" time="0.0" classname="com.gmail.test">
    <skipped/>
  </testcase> <!-- @AfterTest teardown -->
  <testcase name="method" time="0.0" classname="com.gmail.test">
    <skipped/>
  </testcase> <!-- method -->
</testsuite> <!-- Test -->
